<?xml version="1.0" encoding="UTF-8"?>
<!-- Generated by org.testng.reporters.JUnitXMLReporter -->
<testsuite ignored="0" hostname="DESKTOP-T3D59B0" failures="0" tests="4" name="Default test" time="36.374" errors="0" timestamp="2022-10-02T19:47:54 JST">
  <testcase classname="udemymavenpractice.Tests.SubmitOrderTest" name="submitOrder" time="7.297"/>
  <testcase classname="udemymavenpractice.Tests.SubmitOrderTest" name="submitOrder" time="7.326"/>
  <testcase classname="udemymavenpractice.Tests.SubmitOrderTest" name="OrderHistoryTest" time="0.916"/>
  <testcase classname="udemymavenpractice.Tests.SubmitOrderTest" name="OrderHistoryTest" time="0.88"/>
</testsuite> <!-- Default test -->
