<?xml version="1.0" encoding="UTF-8"?>
<!-- Generated by org.testng.reporters.JUnitXMLReporter -->
<testsuite ignored="0" hostname="DESKTOP-T3D59B0" failures="0" tests="2" name="Error Validation Test" time="28.814" errors="0" timestamp="2022-10-02T20:27:25 JST">
  <testcase classname="udemymavenpractice.Tests.ErrorValidationTest" name="loginErrorValidation" time="0.571"/>
  <testcase classname="udemymavenpractice.Tests.ErrorValidationTest" name="productErrorValidation" time="16.044"/>
</testsuite> <!-- Error Validation Test -->
