<?xml version="1.0" encoding="UTF-8"?>
<!-- Generated by org.testng.reporters.JUnitXMLReporter -->
<testsuite ignored="2" hostname="DESKTOP-T3D59B0" failures="0" tests="0" time="0.011" errors="0" timestamp="2022-10-23T19:44:51 JST">
  <testcase classname="udemymavenpractice.Tests.SubmitOrderTest" name="OrderHistoryTest" time="0.0">
    <ignored/>
  </testcase> <!-- OrderHistoryTest -->
  <testcase classname="udemymavenpractice.Tests.SubmitOrderTest" name="submitOrder" time="0.0">
    <ignored/>
  </testcase> <!-- submitOrder -->
</testsuite>
