<?xml version="1.0" encoding="UTF-8"?>
<!-- Generated by org.testng.reporters.JUnitXMLReporter -->
<testsuite ignored="0" hostname="DESKTOP-T3D59B0" failures="0" tests="4" name="Submit Order Test" time="86.329" errors="0" timestamp="2022-10-16T21:24:58 GMT+09:00">
  <testcase classname="udemymavenpractice.Tests.SubmitOrderTest" name="submitOrder" time="7.645"/>
  <testcase classname="udemymavenpractice.Tests.SubmitOrderTest" name="submitOrder" time="7.355"/>
  <testcase classname="udemymavenpractice.Tests.SubmitOrderTest" name="OrderHistoryTest" time="0.953"/>
  <testcase classname="udemymavenpractice.Tests.SubmitOrderTest" name="OrderHistoryTest" time="0.981"/>
</testsuite> <!-- Submit Order Test -->
